Using pre-set license
Built from '2020.3/staging' branch; Version is '2020.3.19f1 (68f137dc9bbe) revision 6877495'; Using compiler version '192528614'; Build Type 'Release'
OS: 'Windows 10 Home; OS build 22000.434; Version 2009; 64bit' Language: 'en' Physical Memory: 16253 MB
BatchMode: 1, IsHumanControllingUs: 0, StartBugReporterOnCrash: 0, Is64bit: 1, IsPro: 0

COMMAND LINE ARGUMENTS:
C:\Program Files\UnityEditors\2020.3.19f1\Editor\Unity.exe
-adb2
-batchMode
-noUpm
-name
AssetImportWorker0
-projectPath
C:/Users/mrfur/OneDrive/Área de Trabalho/ProjectConquest/ProjectConquest
-logFile
Logs/AssetImportWorker0.log
-srvPort
62510
Successfully changed project path to: C:/Users/mrfur/OneDrive/Área de Trabalho/ProjectConquest/ProjectConquest
C:/Users/mrfur/OneDrive/Área de Trabalho/ProjectConquest/ProjectConquest
Using Asset Import Pipeline V2.
Refreshing native plugins compatible for Editor in 224.04 ms, found 2 plugins.
Preloading 0 native plugins for Editor in 0.00 ms.
Initialize engine version: 2020.3.19f1 (68f137dc9bbe)
[Subsystems] Discovering subsystems at path C:/Program Files/UnityEditors/2020.3.19f1/Editor/Data/Resources/UnitySubsystems
[Subsystems] Discovering subsystems at path C:/Users/mrfur/OneDrive/Área de Trabalho/ProjectConquest/ProjectConquest/Assets
GfxDevice: creating device client; threaded=0
Direct3D:
    Version:  Direct3D 11.0 [level 11.1]
    Renderer: NVIDIA GeForce RTX 2060 (ID=0x1f15)
    Vendor:   
    VRAM:     5980 MB
    Driver:   27.21.14.5749
Initialize mono
Mono path[0] = 'C:/Program Files/UnityEditors/2020.3.19f1/Editor/Data/Managed'
Mono path[1] = 'C:/Program Files/UnityEditors/2020.3.19f1/Editor/Data/MonoBleedingEdge/lib/mono/unityjit'
Mono config path = 'C:/Program Files/UnityEditors/2020.3.19f1/Editor/Data/MonoBleedingEdge/etc'
Using monoOptions --debugger-agent=transport=dt_socket,embedding=1,server=y,suspend=n,address=127.0.0.1:56608
Begin MonoManager ReloadAssembly
Registering precompiled unity dll's ...
Register platform support module: C:/Program Files/UnityEditors/2020.3.19f1/Editor/Data/PlaybackEngines/WindowsStandaloneSupport/UnityEditor.WindowsStandalone.Extensions.dll
Registered in 0.006921 seconds.
Native extension for WindowsStandalone target not found
Refreshing native plugins compatible for Editor in 169.96 ms, found 2 plugins.
Preloading 0 native plugins for Editor in 0.00 ms.
Mono: successfully reloaded assembly
- Completed reload, in  5.536 seconds
Domain Reload Profiling:
	ReloadAssembly (5537ms)
		BeginReloadAssembly (76ms)
			ExecutionOrderSort (0ms)
			DisableScriptedObjects (0ms)
			BackupInstance (0ms)
			ReleaseScriptingObjects (0ms)
			CreateAndSetChildDomain (1ms)
		EndReloadAssembly (1268ms)
			LoadAssemblies (74ms)
			RebuildTransferFunctionScriptingTraits (0ms)
			SetupTypeCache (520ms)
			ReleaseScriptCaches (0ms)
			RebuildScriptCaches (66ms)
			SetupLoadedEditorAssemblies (462ms)
				LogAssemblyErrors (0ms)
				InitializePlatformSupportModulesInManaged (8ms)
				SetLoadedEditorAssemblies (0ms)
				RefreshPlugins (170ms)
				BeforeProcessingInitializeOnLoad (40ms)
				ProcessInitializeOnLoadAttributes (186ms)
				ProcessInitializeOnLoadMethodAttributes (57ms)
				AfterProcessingInitializeOnLoad (0ms)
				EditorAssembliesLoaded (0ms)
			ExecutionOrderSort2 (0ms)
			AwakeInstancesAfterBackupRestoration (0ms)
Platform modules already initialized, skipping
Registering precompiled user dll's ...
Registered in 0.011619 seconds.
Begin MonoManager ReloadAssembly
Native extension for WindowsStandalone target not found
Refreshing native plugins compatible for Editor in 223.55 ms, found 2 plugins.
Preloading 0 native plugins for Editor in 0.00 ms.
Mono: successfully reloaded assembly
- Completed reload, in  3.700 seconds
Domain Reload Profiling:
	ReloadAssembly (3702ms)
		BeginReloadAssembly (457ms)
			ExecutionOrderSort (0ms)
			DisableScriptedObjects (16ms)
			BackupInstance (0ms)
			ReleaseScriptingObjects (0ms)
			CreateAndSetChildDomain (44ms)
		EndReloadAssembly (2992ms)
			LoadAssemblies (269ms)
			RebuildTransferFunctionScriptingTraits (0ms)
			SetupTypeCache (856ms)
			ReleaseScriptCaches (1ms)
			RebuildScriptCaches (162ms)
			SetupLoadedEditorAssemblies (1333ms)
				LogAssemblyErrors (0ms)
				InitializePlatformSupportModulesInManaged (9ms)
				SetLoadedEditorAssemblies (0ms)
				RefreshPlugins (224ms)
				BeforeProcessingInitializeOnLoad (302ms)
				ProcessInitializeOnLoadAttributes (697ms)
				ProcessInitializeOnLoadMethodAttributes (84ms)
				AfterProcessingInitializeOnLoad (16ms)
				EditorAssembliesLoaded (0ms)
			ExecutionOrderSort2 (0ms)
			AwakeInstancesAfterBackupRestoration (16ms)
Platform modules already initialized, skipping
========================================================================
Worker process is ready to serve import requests
Launched and connected shader compiler UnityShaderCompiler.exe after 0.16 seconds
Refreshing native plugins compatible for Editor in 1.35 ms, found 2 plugins.
Preloading 0 native plugins for Editor in 0.00 ms.
Unloading 3399 Unused Serialized files (Serialized files now loaded: 0)
System memory in use before: 149.1 MB.
System memory in use after: 149.3 MB.

Unloading 57 unused Assets to reduce memory usage. Loaded Objects now: 3805.
Total: 9.059100 ms (FindLiveObjects: 0.382800 ms CreateObjectMapping: 0.089400 ms MarkObjects: 8.414900 ms  DeleteObjects: 0.169300 ms)

AssetImportParameters requested are different than current active one (requested -> active):
  custom:framework-win-MediaFoundation: 216162199b28c13a410421893ffa2e32 -> 
  custom:video-decoder-ogg-theora: a1e56fd34408186e4bbccfd4996cb3dc -> 
  custom:container-muxer-webm: aa71ff27fc2769a1b78a27578f13a17b -> 
  custom:container-demuxer-webm: 4f35f7cbe854078d1ac9338744f61a02 -> 
  custom:container-demuxer-ogg: 62fdf1f143b41e24485cea50d1cbac27 -> 
  custom:video-encoder-webm-vp8: eb34c28f22e8b96e1ab97ce403110664 -> 
  custom:video-codec-MediaFoundation-h265: 746d11721c4dcdbdad8f713fa42b33f4 -> 
  custom:video-decoder-webm-vp8: 9c59270c3fd7afecdb556c50c9e8de78 -> 
  custom:audio-decoder-ogg-vorbis: bf7c407c2cedff20999df2af8eb42d56 -> 
  custom:audio-encoder-webm-vorbis: bf7c407c2cedff20999df2af8eb42d56 -> 
========================================================================
Received Import Request.
  path: Assets/Shader/Grid.shadergraph
  artifactKey: Guid(2fbd8745ef07453479f89a21d615db48) Importer(815301076,1909f56bfc062723c751e8b465ee728b)
Start importing Assets/Shader/Grid.shadergraph using Guid(2fbd8745ef07453479f89a21d615db48) Importer(815301076,1909f56bfc062723c751e8b465ee728b)  -> (artifact id: '4019e93e20335744c11bd7a10fc59794') in 0.082092 seconds 
  Import took 0.089141 seconds .

========================================================================
Received Import Request.
  Time since last request: 3.183784 seconds.
  path: Assets/Shader/Grid.shadergraph
  artifactKey: Guid(2fbd8745ef07453479f89a21d615db48) Importer(815301076,1909f56bfc062723c751e8b465ee728b)
Start importing Assets/Shader/Grid.shadergraph using Guid(2fbd8745ef07453479f89a21d615db48) Importer(815301076,1909f56bfc062723c751e8b465ee728b)  -> (artifact id: '929e67eb50d1af75b662505b07afb68b') in 0.058507 seconds 
  Import took 0.163907 seconds .

========================================================================
Received Import Request.
  Time since last request: 77.206316 seconds.
  path: Assets/_Scripts/grid
  artifactKey: Guid(70daf5911e7a6ab4da190b03fa5e38c1) Importer(815301076,1909f56bfc062723c751e8b465ee728b)
Start importing Assets/_Scripts/grid using Guid(70daf5911e7a6ab4da190b03fa5e38c1) Importer(815301076,1909f56bfc062723c751e8b465ee728b)  -> (artifact id: '45d811a971e65994108dae07fd59e16b') in 0.043504 seconds 
  Import took 0.057396 seconds .

========================================================================
Received Import Request.
  Time since last request: 2.309694 seconds.
  path: Assets/_Scripts/grid/Board
  artifactKey: Guid(9c2539ba1bce8844c9dee898466d4c8a) Importer(815301076,1909f56bfc062723c751e8b465ee728b)
Start importing Assets/_Scripts/grid/Board using Guid(9c2539ba1bce8844c9dee898466d4c8a) Importer(815301076,1909f56bfc062723c751e8b465ee728b)  -> (artifact id: '69da057b40acf78c94e72caaf8637d52') in 0.025714 seconds 
  Import took 0.040105 seconds .

========================================================================
Received Import Request.
  Time since last request: 20.041196 seconds.
  path: Assets/_Scripts/grid/Board/CreateBoard.cs
  artifactKey: Guid(9981bd0980025c24aa04fdfb737384f0) Importer(815301076,1909f56bfc062723c751e8b465ee728b)
Start importing Assets/_Scripts/grid/Board/CreateBoard.cs using Guid(9981bd0980025c24aa04fdfb737384f0) Importer(815301076,1909f56bfc062723c751e8b465ee728b)  -> (artifact id: 'df425e4bfb9727d2f7fc88d9f53b743f') in 0.185832 seconds 
  Import took 0.202427 seconds .

